<?xml version="1.0" encoding="UTF-8"?>
<testsuite xmlns:xsi="http://www.w3.org/2001/XMLSchema-instance" xsi:noNamespaceSchemaLocation="https://maven.apache.org/surefire/maven-surefire-plugin/xsd/surefire-test-report-3.0.xsd" version="3.0" name="com.zooreserve.DatabaseBackedApiTest" time="10.487" tests="6" errors="0" skipped="0" failures="0">
  <properties>
[...]
</properties>
  <testcase name="orderCouponCancelRefundAndAnnualPassFlowPersistsToDatabase" classname="com.zooreserve.DatabaseBackedApiTest" time="3.739">
    <system-out><![CDATA[23:03:10.294 [main] INFO org.springframework.test.context.support.AnnotationConfigContextLoaderUtils -- Could not detect default configuration classes for test class [com.zooreserve.DatabaseBackedApiTest]: DatabaseBackedApiTest does not declare any static, non-private, non-final, nested classes annotated with @Configuration.
23:03:10.439 [main] INFO org.springframework.boot.test.context.SpringBootTestContextBootstrapper -- Found @SpringBootConfiguration com.zooreserve.ZooReserveApplication for test class com.zooreserve.DatabaseBackedApiTest

  .   ____          _            __ _ _
 /\\ / ___'_ __ _ _(_)_ __  __ _ \ \ \ \
( ( )\___ | '_ | '_| | '_ \/ _` | \ \ \ \
 \\/  ___)| |_)| | | | | || (_| |  ) ) ) )
  '  |____| .__|_| |_|_| |_\__, | / / / /
 =========|_|==============|___/=/_/_/_/

 :: Spring Boot ::                (v3.3.6)

2026-05-28T23:03:10.987+08:00  INFO 235256 --- [zoo-reserve-backend] [           main] com.zooreserve.DatabaseBackedApiTest     : Starting DatabaseBackedApiTest using Java 17.0.10 with PID 235256 (started by stones in C:\Users\stones\Documents\Codex\ZooReserve\backend)
2026-05-28T23:03:10.988+08:00  INFO 235256 --- [zoo-reserve-backend] [           main] com.zooreserve.DatabaseBackedApiTest     : The following 1 profile is active: "test"
2026-05-28T23:03:12.100+08:00  INFO 235256 --- [zoo-reserve-backend] [           main] .s.d.r.c.RepositoryConfigurationDelegate : Multiple Spring Data modules found, entering strict repository configuration mode
2026-05-28T23:03:12.107+08:00  INFO 235256 --- [zoo-reserve-backend] [           main] .s.d.r.c.RepositoryConfigurationDelegate : Bootstrapping Spring Data Redis repositories in DEFAULT mode.
2026-05-28T23:03:12.173+08:00  INFO 235256 --- [zoo-reserve-backend] [           main] .s.d.r.c.RepositoryConfigurationDelegate : Finished Spring Data repository scanning in 37 ms. Found 0 Redis repository interfaces.
2026-05-28T23:03:12.818+08:00  INFO 235256 --- [zoo-reserve-backend] [           main] com.zaxxer.hikari.HikariDataSource       : HikariPool-1 - Starting...
2026-05-28T23:03:13.087+08:00  INFO 235256 --- [zoo-reserve-backend] [           main] com.zaxxer.hikari.pool.HikariPool        : HikariPool-1 - Added connection conn0: url=jdbc:h2:mem:zoo_reserve_test user=SA
2026-05-28T23:03:13.089+08:00  INFO 235256 --- [zoo-reserve-backend] [           main] com.zaxxer.hikari.HikariDataSource       : HikariPool-1 - Start completed.
2026-05-28T23:03:13.595+08:00  WARN 235256 --- [zoo-reserve-backend] [           main] .s.s.UserDetailsServiceAutoConfiguration : 

Using generated security password: 9904779b-546e-4232-9ca0-4825d0a3b17f

This generated password is for development use only. Your security configuration must be updated before running your application in production.

2026-05-28T23:03:13.618+08:00  INFO 235256 --- [zoo-reserve-backend] [           main] r$InitializeUserDetailsManagerConfigurer : Global AuthenticationManager configured with UserDetailsService bean with name inMemoryUserDetailsManager
2026-05-28T23:03:16.184+08:00  INFO 235256 --- [zoo-reserve-backend] [           main] o.s.b.t.m.w.SpringBootMockServletContext : Initializing Spring TestDispatcherServlet ''
2026-05-28T23:03:16.184+08:00  INFO 235256 --- [zoo-reserve-backend] [           main] o.s.t.web.servlet.TestDispatcherServlet  : Initializing Servlet ''
2026-05-28T23:03:16.185+08:00  INFO 235256 --- [zoo-reserve-backend] [           main] o.s.t.web.servlet.TestDispatcherServlet  : Completed initialization in 1 ms
2026-05-28T23:03:16.547+08:00  INFO 235256 --- [zoo-reserve-backend] [           main] com.zooreserve.DatabaseBackedApiTest     : Started DatabaseBackedApiTest in 5.908 seconds (process running for 7.167)
]]></system-out>
  </testcase>
  <testcase name="loginRejectsInvalidOrMissingDatabaseCredentials" classname="com.zooreserve.DatabaseBackedApiTest" time="0.016"/>
  <testcase name="adminEndpointsReadAndMutateDatabaseRecords" classname="com.zooreserve.DatabaseBackedApiTest" time="0.048"/>
  <testcase name="ticketOrderPaymentAndCheckinFlowPersistsToDatabase" classname="com.zooreserve.DatabaseBackedApiTest" time="0.031"/>
  <testcase name="memberEndpointsReadAndMutateDatabaseRecords" classname="com.zooreserve.DatabaseBackedApiTest" time="0.023"/>
  <testcase name="registerCreatesDatabaseVisitorAndRejectsDuplicatePhone" classname="com.zooreserve.DatabaseBackedApiTest" time="0.12"/>
</testsuite>